{"/Users/repin/Documents/Inbox/proxiero/entrypoints/background/auth.ts": {"path":"/Users/repin/Documents/Inbox/proxiero/entrypoints/background/auth.ts","all":false,"statementMap":{"8":{"start":{"line":9,"column":0},"end":{"line":9,"column":54}},"9":{"start":{"line":10,"column":0},"end":{"line":10,"column":45}},"11":{"start":{"line":12,"column":0},"end":{"line":12,"column":67}},"12":{"start":{"line":13,"column":0},"end":{"line":13,"column":20}},"13":{"start":{"line":14,"column":0},"end":{"line":14,"column":32}},"14":{"start":{"line":15,"column":0},"end":{"line":15,"column":52}},"15":{"start":{"line":16,"column":0},"end":{"line":16,"column":63}},"16":{"start":{"line":17,"column":0},"end":{"line":17,"column":45}},"18":{"start":{"line":19,"column":0},"end":{"line":19,"column":45}},"19":{"start":{"line":20,"column":0},"end":{"line":20,"column":85}},"22":{"start":{"line":23,"column":0},"end":{"line":23,"column":68}},"23":{"start":{"line":24,"column":0},"end":{"line":24,"column":35}},"24":{"start":{"line":25,"column":0},"end":{"line":25,"column":24}},"25":{"start":{"line":26,"column":0},"end":{"line":26,"column":38}},"26":{"start":{"line":27,"column":0},"end":{"line":27,"column":23}},"29":{"start":{"line":30,"column":0},"end":{"line":30,"column":18}},"32":{"start":{"line":33,"column":0},"end":{"line":33,"column":79}},"35":{"start":{"line":36,"column":0},"end":{"line":36,"column":77}},"36":{"start":{"line":37,"column":0},"end":{"line":37,"column":59}},"39":{"start":{"line":40,"column":0},"end":{"line":40,"column":76}},"40":{"start":{"line":41,"column":0},"end":{"line":41,"column":79}},"41":{"start":{"line":42,"column":0},"end":{"line":42,"column":83}},"42":{"start":{"line":43,"column":0},"end":{"line":43,"column":1}}},"s":{"8":1,"9":9,"11":9,"12":17,"13":17,"14":17,"15":15,"16":17,"18":17,"19":17,"22":9,"23":17,"24":17,"25":16,"26":16,"29":1,"32":9,"35":9,"36":9,"39":9,"40":9,"41":9,"42":9},"branchMap":{"0":{"type":"branch","line":9,"loc":{"start":{"line":9,"column":7},"end":{"line":43,"column":1}},"locations":[{"start":{"line":9,"column":7},"end":{"line":43,"column":1}}]},"1":{"type":"branch","line":36,"loc":{"start":{"line":36,"column":76},"end":{"line":36,"column":77}},"locations":[{"start":{"line":36,"column":76},"end":{"line":36,"column":77}}]},"2":{"type":"branch","line":12,"loc":{"start":{"line":12,"column":2},"end":{"line":20,"column":85}},"locations":[{"start":{"line":12,"column":2},"end":{"line":20,"column":85}}]},"3":{"type":"branch","line":15,"loc":{"start":{"line":15,"column":4},"end":{"line":15,"column":52}},"locations":[{"start":{"line":15,"column":4},"end":{"line":15,"column":52}}]},"4":{"type":"branch","line":15,"loc":{"start":{"line":15,"column":4},"end":{"line":15,"column":52}},"locations":[{"start":{"line":15,"column":4},"end":{"line":15,"column":52}}]},"5":{"type":"branch","line":15,"loc":{"start":{"line":15,"column":4},"end":{"line":16,"column":63}},"locations":[{"start":{"line":15,"column":4},"end":{"line":16,"column":63}}]},"6":{"type":"branch","line":16,"loc":{"start":{"line":16,"column":4},"end":{"line":16,"column":63}},"locations":[{"start":{"line":16,"column":4},"end":{"line":16,"column":63}}]},"7":{"type":"branch","line":19,"loc":{"start":{"line":19,"column":4},"end":{"line":19,"column":45}},"locations":[{"start":{"line":19,"column":4},"end":{"line":19,"column":45}}]},"8":{"type":"branch","line":19,"loc":{"start":{"line":19,"column":4},"end":{"line":20,"column":83}},"locations":[{"start":{"line":19,"column":4},"end":{"line":20,"column":83}}]},"9":{"type":"branch","line":20,"loc":{"start":{"line":20,"column":4},"end":{"line":20,"column":83}},"locations":[{"start":{"line":20,"column":4},"end":{"line":20,"column":83}}]},"10":{"type":"branch","line":23,"loc":{"start":{"line":23,"column":2},"end":{"line":30,"column":18}},"locations":[{"start":{"line":23,"column":2},"end":{"line":30,"column":18}}]},"11":{"type":"branch","line":25,"loc":{"start":{"line":25,"column":4},"end":{"line":27,"column":23}},"locations":[{"start":{"line":25,"column":4},"end":{"line":27,"column":23}}]},"12":{"type":"branch","line":27,"loc":{"start":{"line":27,"column":13},"end":{"line":30,"column":18}},"locations":[{"start":{"line":27,"column":13},"end":{"line":30,"column":18}}]},"13":{"type":"branch","line":40,"loc":{"start":{"line":40,"column":2},"end":{"line":40,"column":76}},"locations":[{"start":{"line":40,"column":2},"end":{"line":40,"column":76}}]}},"b":{"0":[9],"1":[0],"2":[17],"3":[16],"4":[2],"5":[15],"6":[10],"7":[1],"8":[14],"9":[1],"10":[17],"11":[16],"12":[1],"13":[2]},"fnMap":{"0":{"name":"setupProxyAuth","decl":{"start":{"line":9,"column":7},"end":{"line":43,"column":1}},"loc":{"start":{"line":9,"column":7},"end":{"line":43,"column":1}},"line":9},"1":{"name":"decide","decl":{"start":{"line":12,"column":2},"end":{"line":20,"column":85}},"loc":{"start":{"line":12,"column":2},"end":{"line":20,"column":85}},"line":12},"2":{"name":"onAuthRequired","decl":{"start":{"line":23,"column":2},"end":{"line":30,"column":18}},"loc":{"start":{"line":23,"column":2},"end":{"line":30,"column":18}},"line":23},"3":{"name":"forget","decl":{"start":{"line":40,"column":2},"end":{"line":40,"column":76}},"loc":{"start":{"line":40,"column":2},"end":{"line":40,"column":76}},"line":40}},"f":{"0":9,"1":17,"2":17,"3":2}}
,"/Users/repin/Documents/Inbox/proxiero/entrypoints/background/context.ts": {"path":"/Users/repin/Documents/Inbox/proxiero/entrypoints/background/context.ts","all":false,"statementMap":{"0":{"start":{"line":1,"column":0},"end":{"line":1,"column":59}},"16":{"start":{"line":17,"column":0},"end":{"line":17,"column":46}},"19":{"start":{"line":20,"column":0},"end":{"line":20,"column":45}},"20":{"start":{"line":21,"column":0},"end":{"line":21,"column":42}},"22":{"start":{"line":23,"column":0},"end":{"line":23,"column":41}},"23":{"start":{"line":24,"column":0},"end":{"line":24,"column":14}},"26":{"start":{"line":27,"column":0},"end":{"line":27,"column":60}},"27":{"start":{"line":28,"column":0},"end":{"line":28,"column":33}},"28":{"start":{"line":29,"column":0},"end":{"line":29,"column":25}},"29":{"start":{"line":30,"column":0},"end":{"line":30,"column":64}},"30":{"start":{"line":31,"column":0},"end":{"line":31,"column":25}},"31":{"start":{"line":32,"column":0},"end":{"line":32,"column":70}},"32":{"start":{"line":33,"column":0},"end":{"line":33,"column":24}},"33":{"start":{"line":34,"column":0},"end":{"line":34,"column":7}},"35":{"start":{"line":36,"column":0},"end":{"line":36,"column":51}},"38":{"start":{"line":39,"column":0},"end":{"line":39,"column":10}},"39":{"start":{"line":40,"column":0},"end":{"line":40,"column":10}},"41":{"start":{"line":42,"column":0},"end":{"line":42,"column":57}},"42":{"start":{"line":43,"column":0},"end":{"line":43,"column":72}},"43":{"start":{"line":44,"column":0},"end":{"line":44,"column":6}},"45":{"start":{"line":46,"column":0},"end":{"line":46,"column":14}},"46":{"start":{"line":47,"column":0},"end":{"line":47,"column":45}},"47":{"start":{"line":48,"column":0},"end":{"line":48,"column":30}},"48":{"start":{"line":49,"column":0},"end":{"line":49,"column":42}},"49":{"start":{"line":50,"column":0},"end":{"line":50,"column":8}},"50":{"start":{"line":51,"column":0},"end":{"line":51,"column":6}},"52":{"start":{"line":53,"column":0},"end":{"line":53,"column":25}},"53":{"start":{"line":54,"column":0},"end":{"line":54,"column":6}},"55":{"start":{"line":56,"column":0},"end":{"line":56,"column":1}}},"s":{"0":1,"16":1,"19":9,"20":9,"22":9,"23":9,"26":9,"27":4,"28":4,"29":4,"30":4,"31":3,"32":3,"33":4,"35":4,"38":9,"39":9,"41":6,"42":6,"43":9,"45":1,"46":1,"47":1,"48":1,"49":1,"50":9,"52":2,"53":9,"55":9},"branchMap":{"0":{"type":"branch","line":17,"loc":{"start":{"line":17,"column":7},"end":{"line":56,"column":1}},"locations":[{"start":{"line":17,"column":7},"end":{"line":56,"column":1}}]},"1":{"type":"branch","line":23,"loc":{"start":{"line":23,"column":2},"end":{"line":24,"column":14}},"locations":[{"start":{"line":23,"column":2},"end":{"line":24,"column":14}}]},"2":{"type":"branch","line":27,"loc":{"start":{"line":27,"column":2},"end":{"line":36,"column":51}},"locations":[{"start":{"line":27,"column":2},"end":{"line":36,"column":51}}]},"3":{"type":"branch","line":28,"loc":{"start":{"line":28,"column":4},"end":{"line":28,"column":33}},"locations":[{"start":{"line":28,"column":4},"end":{"line":28,"column":33}}]},"4":{"type":"branch","line":31,"loc":{"start":{"line":31,"column":6},"end":{"line":33,"column":24}},"locations":[{"start":{"line":31,"column":6},"end":{"line":33,"column":24}}]},"5":{"type":"branch","line":36,"loc":{"start":{"line":36,"column":4},"end":{"line":36,"column":49}},"locations":[{"start":{"line":36,"column":4},"end":{"line":36,"column":49}}]},"6":{"type":"branch","line":36,"loc":{"start":{"line":36,"column":4},"end":{"line":36,"column":49}},"locations":[{"start":{"line":36,"column":4},"end":{"line":36,"column":49}}]},"7":{"type":"branch","line":40,"loc":{"start":{"line":40,"column":4},"end":{"line":43,"column":72}},"locations":[{"start":{"line":40,"column":4},"end":{"line":43,"column":72}}]},"8":{"type":"branch","line":42,"loc":{"start":{"line":42,"column":6},"end":{"line":42,"column":57}},"locations":[{"start":{"line":42,"column":6},"end":{"line":42,"column":57}}]},"9":{"type":"branch","line":42,"loc":{"start":{"line":42,"column":6},"end":{"line":43,"column":67}},"locations":[{"start":{"line":42,"column":6},"end":{"line":43,"column":67}}]},"10":{"type":"branch","line":43,"loc":{"start":{"line":43,"column":6},"end":{"line":43,"column":67}},"locations":[{"start":{"line":43,"column":6},"end":{"line":43,"column":67}}]},"11":{"type":"branch","line":43,"loc":{"start":{"line":43,"column":6},"end":{"line":43,"column":67}},"locations":[{"start":{"line":43,"column":6},"end":{"line":43,"column":67}}]},"12":{"type":"branch","line":44,"loc":{"start":{"line":44,"column":4},"end":{"line":50,"column":8}},"locations":[{"start":{"line":44,"column":4},"end":{"line":50,"column":8}}]},"13":{"type":"branch","line":46,"loc":{"start":{"line":46,"column":13},"end":{"line":46,"column":14}},"locations":[{"start":{"line":46,"column":13},"end":{"line":46,"column":14}}]},"14":{"type":"branch","line":48,"loc":{"start":{"line":48,"column":20},"end":{"line":48,"column":30}},"locations":[{"start":{"line":48,"column":20},"end":{"line":48,"column":30}}]},"15":{"type":"branch","line":51,"loc":{"start":{"line":51,"column":4},"end":{"line":53,"column":25}},"locations":[{"start":{"line":51,"column":4},"end":{"line":53,"column":25}}]}},"b":{"0":[9],"1":[9],"2":[4],"3":[0],"4":[3],"5":[3],"6":[1],"7":[6],"8":[3],"9":[3],"10":[1],"11":[3],"12":[1],"13":[0],"14":[0],"15":[2]},"fnMap":{"0":{"name":"createBgContext","decl":{"start":{"line":17,"column":7},"end":{"line":56,"column":1}},"loc":{"start":{"line":17,"column":7},"end":{"line":56,"column":1}},"line":17},"1":{"name":"activeProxy","decl":{"start":{"line":40,"column":4},"end":{"line":43,"column":72}},"loc":{"start":{"line":40,"column":4},"end":{"line":43,"column":72}},"line":40},"2":{"name":"splitConfig","decl":{"start":{"line":44,"column":4},"end":{"line":50,"column":8}},"loc":{"start":{"line":44,"column":4},"end":{"line":50,"column":8}},"line":44},"3":{"name":"onStateChange","decl":{"start":{"line":51,"column":4},"end":{"line":53,"column":25}},"loc":{"start":{"line":51,"column":4},"end":{"line":53,"column":25}},"line":51}},"f":{"0":9,"1":6,"2":1,"3":2}}
,"/Users/repin/Documents/Inbox/proxiero/entrypoints/background/icon.ts": {"path":"/Users/repin/Documents/Inbox/proxiero/entrypoints/background/icon.ts","all":false,"statementMap":{"7":{"start":{"line":8,"column":0},"end":{"line":8,"column":65}},"8":{"start":{"line":9,"column":0},"end":{"line":9,"column":89}},"9":{"start":{"line":10,"column":0},"end":{"line":10,"column":55}},"10":{"start":{"line":11,"column":0},"end":{"line":11,"column":22}},"11":{"start":{"line":12,"column":0},"end":{"line":12,"column":50}},"12":{"start":{"line":13,"column":0},"end":{"line":13,"column":24}},"13":{"start":{"line":14,"column":0},"end":{"line":14,"column":91}},"15":{"start":{"line":16,"column":0},"end":{"line":16,"column":42}},"16":{"start":{"line":17,"column":0},"end":{"line":17,"column":1}}},"s":{"7":4,"8":4,"9":4,"10":4,"11":3,"12":4,"13":4,"15":3,"16":3},"branchMap":{"0":{"type":"branch","line":8,"loc":{"start":{"line":8,"column":0},"end":{"line":17,"column":1}},"locations":[{"start":{"line":8,"column":0},"end":{"line":17,"column":1}}]},"1":{"type":"branch","line":10,"loc":{"start":{"line":10,"column":2},"end":{"line":10,"column":55}},"locations":[{"start":{"line":10,"column":2},"end":{"line":10,"column":55}}]},"2":{"type":"branch","line":11,"loc":{"start":{"line":11,"column":2},"end":{"line":11,"column":22}},"locations":[{"start":{"line":11,"column":2},"end":{"line":11,"column":22}}]},"3":{"type":"branch","line":11,"loc":{"start":{"line":11,"column":2},"end":{"line":12,"column":50}},"locations":[{"start":{"line":11,"column":2},"end":{"line":12,"column":50}}]},"4":{"type":"branch","line":12,"loc":{"start":{"line":12,"column":2},"end":{"line":12,"column":50}},"locations":[{"start":{"line":12,"column":2},"end":{"line":12,"column":50}}]},"5":{"type":"branch","line":12,"loc":{"start":{"line":12,"column":2},"end":{"line":12,"column":50}},"locations":[{"start":{"line":12,"column":2},"end":{"line":12,"column":50}}]},"6":{"type":"branch","line":14,"loc":{"start":{"line":14,"column":89},"end":{"line":17,"column":1}},"locations":[{"start":{"line":14,"column":89},"end":{"line":17,"column":1}}]},"7":{"type":"branch","line":13,"loc":{"start":{"line":13,"column":23},"end":{"line":13,"column":24}},"locations":[{"start":{"line":13,"column":23},"end":{"line":13,"column":24}}]}},"b":{"0":[4],"1":[2],"2":[1],"3":[3],"4":[2],"5":[1],"6":[3],"7":[12]},"fnMap":{"0":{"name":"updateIcon","decl":{"start":{"line":8,"column":0},"end":{"line":17,"column":1}},"loc":{"start":{"line":8,"column":0},"end":{"line":17,"column":1}},"line":8}},"f":{"0":4}}
,"/Users/repin/Documents/Inbox/proxiero/entrypoints/background/routing.ts": {"path":"/Users/repin/Documents/Inbox/proxiero/entrypoints/background/routing.ts","all":false,"statementMap":{"0":{"start":{"line":1,"column":0},"end":{"line":1,"column":64}},"25":{"start":{"line":26,"column":0},"end":{"line":26,"column":73}},"27":{"start":{"line":28,"column":0},"end":{"line":28,"column":47}},"28":{"start":{"line":29,"column":0},"end":{"line":29,"column":7}},"29":{"start":{"line":30,"column":0},"end":{"line":30,"column":33}},"31":{"start":{"line":32,"column":0},"end":{"line":32,"column":16}},"33":{"start":{"line":34,"column":0},"end":{"line":34,"column":1}},"35":{"start":{"line":36,"column":0},"end":{"line":36,"column":45}},"36":{"start":{"line":37,"column":0},"end":{"line":37,"column":74}},"37":{"start":{"line":38,"column":0},"end":{"line":38,"column":1}},"39":{"start":{"line":40,"column":0},"end":{"line":40,"column":59}},"40":{"start":{"line":41,"column":0},"end":{"line":41,"column":35}},"42":{"start":{"line":43,"column":0},"end":{"line":43,"column":22}},"43":{"start":{"line":44,"column":0},"end":{"line":44,"column":34}},"44":{"start":{"line":45,"column":0},"end":{"line":45,"column":41}},"45":{"start":{"line":46,"column":0},"end":{"line":46,"column":70}},"46":{"start":{"line":47,"column":0},"end":{"line":47,"column":59}},"47":{"start":{"line":48,"column":0},"end":{"line":48,"column":86}},"48":{"start":{"line":49,"column":0},"end":{"line":49,"column":59}},"49":{"start":{"line":50,"column":0},"end":{"line":50,"column":16}},"50":{"start":{"line":51,"column":0},"end":{"line":51,"column":59}},"51":{"start":{"line":52,"column":0},"end":{"line":52,"column":23}},"52":{"start":{"line":53,"column":0},"end":{"line":53,"column":23}},"53":{"start":{"line":54,"column":0},"end":{"line":54,"column":31}},"54":{"start":{"line":55,"column":0},"end":{"line":55,"column":31}},"55":{"start":{"line":56,"column":0},"end":{"line":56,"column":42}},"56":{"start":{"line":57,"column":0},"end":{"line":57,"column":10}},"58":{"start":{"line":59,"column":0},"end":{"line":59,"column":60}},"59":{"start":{"line":60,"column":0},"end":{"line":60,"column":6}},"60":{"start":{"line":61,"column":0},"end":{"line":61,"column":29}},"62":{"start":{"line":63,"column":0},"end":{"line":63,"column":1}},"64":{"start":{"line":65,"column":0},"end":{"line":65,"column":71}},"65":{"start":{"line":66,"column":0},"end":{"line":66,"column":34}},"66":{"start":{"line":67,"column":0},"end":{"line":67,"column":30}},"67":{"start":{"line":68,"column":0},"end":{"line":68,"column":11}},"68":{"start":{"line":69,"column":0},"end":{"line":69,"column":62}},"69":{"start":{"line":70,"column":0},"end":{"line":70,"column":11}},"71":{"start":{"line":72,"column":0},"end":{"line":72,"column":55}},"72":{"start":{"line":73,"column":0},"end":{"line":73,"column":38}},"73":{"start":{"line":74,"column":0},"end":{"line":74,"column":39}},"74":{"start":{"line":75,"column":0},"end":{"line":75,"column":14}},"75":{"start":{"line":76,"column":0},"end":{"line":76,"column":27}},"76":{"start":{"line":77,"column":0},"end":{"line":77,"column":62}},"77":{"start":{"line":78,"column":0},"end":{"line":78,"column":8}},"78":{"start":{"line":79,"column":0},"end":{"line":79,"column":23}},"80":{"start":{"line":81,"column":0},"end":{"line":81,"column":11}},"82":{"start":{"line":83,"column":0},"end":{"line":83,"column":37}},"83":{"start":{"line":84,"column":0},"end":{"line":84,"column":12}},"84":{"start":{"line":85,"column":0},"end":{"line":85,"column":28}},"85":{"start":{"line":86,"column":0},"end":{"line":86,"column":14}},"86":{"start":{"line":87,"column":0},"end":{"line":87,"column":70}},"87":{"start":{"line":88,"column":0},"end":{"line":88,"column":58}},"88":{"start":{"line":89,"column":0},"end":{"line":89,"column":8}},"89":{"start":{"line":90,"column":0},"end":{"line":90,"column":6}},"90":{"start":{"line":91,"column":0},"end":{"line":91,"column":21}},"92":{"start":{"line":93,"column":0},"end":{"line":93,"column":1}}},"s":{"0":1,"25":13,"27":9,"28":9,"29":9,"31":1,"33":9,"35":7,"36":7,"37":7,"39":1,"40":9,"42":9,"43":9,"44":9,"45":9,"46":5,"47":5,"48":4,"49":3,"50":3,"51":3,"52":3,"53":3,"54":3,"55":3,"56":3,"58":1,"59":9,"60":9,"62":9,"64":4,"65":4,"66":4,"67":4,"68":1,"69":1,"71":3,"72":3,"73":1,"74":1,"75":1,"76":1,"77":1,"78":1,"80":1,"82":2,"83":2,"84":2,"85":2,"86":2,"87":2,"88":2,"89":2,"90":2,"92":2},"branchMap":{"0":{"type":"branch","line":26,"loc":{"start":{"line":26,"column":0},"end":{"line":26,"column":73}},"locations":[{"start":{"line":26,"column":0},"end":{"line":26,"column":73}}]},"1":{"type":"branch","line":28,"loc":{"start":{"line":28,"column":0},"end":{"line":34,"column":1}},"locations":[{"start":{"line":28,"column":0},"end":{"line":34,"column":1}}]},"2":{"type":"branch","line":30,"loc":{"start":{"line":30,"column":24},"end":{"line":32,"column":16}},"locations":[{"start":{"line":30,"column":24},"end":{"line":32,"column":16}}]},"3":{"type":"branch","line":36,"loc":{"start":{"line":36,"column":0},"end":{"line":38,"column":1}},"locations":[{"start":{"line":36,"column":0},"end":{"line":38,"column":1}}]},"4":{"type":"branch","line":37,"loc":{"start":{"line":37,"column":2},"end":{"line":37,"column":74}},"locations":[{"start":{"line":37,"column":2},"end":{"line":37,"column":74}}]},"5":{"type":"branch","line":37,"loc":{"start":{"line":37,"column":2},"end":{"line":37,"column":74}},"locations":[{"start":{"line":37,"column":2},"end":{"line":37,"column":74}}]},"6":{"type":"branch","line":40,"loc":{"start":{"line":40,"column":7},"end":{"line":63,"column":1}},"locations":[{"start":{"line":40,"column":7},"end":{"line":63,"column":1}}]},"7":{"type":"branch","line":41,"loc":{"start":{"line":41,"column":23},"end":{"line":59,"column":60}},"locations":[{"start":{"line":41,"column":23},"end":{"line":59,"column":60}}]},"8":{"type":"branch","line":46,"loc":{"start":{"line":46,"column":6},"end":{"line":46,"column":70}},"locations":[{"start":{"line":46,"column":6},"end":{"line":46,"column":70}}]},"9":{"type":"branch","line":46,"loc":{"start":{"line":46,"column":6},"end":{"line":46,"column":70}},"locations":[{"start":{"line":46,"column":6},"end":{"line":46,"column":70}}]},"10":{"type":"branch","line":46,"loc":{"start":{"line":46,"column":6},"end":{"line":46,"column":70}},"locations":[{"start":{"line":46,"column":6},"end":{"line":46,"column":70}}]},"11":{"type":"branch","line":46,"loc":{"start":{"line":46,"column":6},"end":{"line":48,"column":86}},"locations":[{"start":{"line":46,"column":6},"end":{"line":48,"column":86}}]},"12":{"type":"branch","line":48,"loc":{"start":{"line":48,"column":6},"end":{"line":48,"column":86}},"locations":[{"start":{"line":48,"column":6},"end":{"line":48,"column":86}}]},"13":{"type":"branch","line":48,"loc":{"start":{"line":48,"column":6},"end":{"line":48,"column":86}},"locations":[{"start":{"line":48,"column":6},"end":{"line":48,"column":86}}]},"14":{"type":"branch","line":48,"loc":{"start":{"line":48,"column":6},"end":{"line":49,"column":59}},"locations":[{"start":{"line":48,"column":6},"end":{"line":49,"column":59}}]},"15":{"type":"branch","line":49,"loc":{"start":{"line":49,"column":6},"end":{"line":49,"column":59}},"locations":[{"start":{"line":49,"column":6},"end":{"line":49,"column":59}}]},"16":{"type":"branch","line":49,"loc":{"start":{"line":49,"column":6},"end":{"line":57,"column":10}},"locations":[{"start":{"line":49,"column":6},"end":{"line":57,"column":10}}]},"17":{"type":"branch","line":50,"loc":{"start":{"line":50,"column":15},"end":{"line":50,"column":16}},"locations":[{"start":{"line":50,"column":15},"end":{"line":50,"column":16}}]},"18":{"type":"branch","line":50,"loc":{"start":{"line":50,"column":15},"end":{"line":50,"column":16}},"locations":[{"start":{"line":50,"column":15},"end":{"line":50,"column":16}}]},"19":{"type":"branch","line":57,"loc":{"start":{"line":57,"column":8},"end":{"line":59,"column":60}},"locations":[{"start":{"line":57,"column":8},"end":{"line":59,"column":60}}]},"20":{"type":"branch","line":65,"loc":{"start":{"line":65,"column":0},"end":{"line":93,"column":1}},"locations":[{"start":{"line":65,"column":0},"end":{"line":93,"column":1}}]},"21":{"type":"branch","line":68,"loc":{"start":{"line":68,"column":2},"end":{"line":70,"column":11}},"locations":[{"start":{"line":68,"column":2},"end":{"line":70,"column":11}}]},"22":{"type":"branch","line":70,"loc":{"start":{"line":70,"column":4},"end":{"line":73,"column":38}},"locations":[{"start":{"line":70,"column":4},"end":{"line":73,"column":38}}]},"23":{"type":"branch","line":73,"loc":{"start":{"line":73,"column":2},"end":{"line":73,"column":38}},"locations":[{"start":{"line":73,"column":2},"end":{"line":73,"column":38}}]},"24":{"type":"branch","line":73,"loc":{"start":{"line":73,"column":2},"end":{"line":81,"column":11}},"locations":[{"start":{"line":73,"column":2},"end":{"line":81,"column":11}}]},"25":{"type":"branch","line":81,"loc":{"start":{"line":81,"column":4},"end":{"line":93,"column":1}},"locations":[{"start":{"line":81,"column":4},"end":{"line":93,"column":1}}]}},"b":{"0":[13],"1":[9],"2":[1],"3":[7],"4":[6],"5":[5],"6":[9],"7":[9],"8":[8],"9":[7],"10":[4],"11":[5],"12":[2],"13":[1],"14":[4],"15":[2],"16":[3],"17":[2],"18":[1],"19":[1],"20":[4],"21":[1],"22":[3],"23":[2],"24":[1],"25":[2]},"fnMap":{"0":{"name":"proxyApi","decl":{"start":{"line":26,"column":0},"end":{"line":26,"column":73}},"loc":{"start":{"line":26,"column":0},"end":{"line":26,"column":73}},"line":26},"1":{"name":"hostname","decl":{"start":{"line":28,"column":0},"end":{"line":34,"column":1}},"loc":{"start":{"line":28,"column":0},"end":{"line":34,"column":1}},"line":28},"2":{"name":"isLocalHost","decl":{"start":{"line":36,"column":0},"end":{"line":38,"column":1}},"loc":{"start":{"line":36,"column":0},"end":{"line":38,"column":1}},"line":36},"3":{"name":"setupFirefoxRouting","decl":{"start":{"line":40,"column":7},"end":{"line":63,"column":1}},"loc":{"start":{"line":40,"column":7},"end":{"line":63,"column":1}},"line":40},"4":{"name":"proxyApi.onRequest.addListener.urls","decl":{"start":{"line":41,"column":23},"end":{"line":59,"column":60}},"loc":{"start":{"line":41,"column":23},"end":{"line":59,"column":60}},"line":41},"5":{"name":"applyChromeProxy","decl":{"start":{"line":65,"column":0},"end":{"line":93,"column":1}},"loc":{"start":{"line":65,"column":0},"end":{"line":93,"column":1}},"line":65}},"f":{"0":13,"1":9,"2":7,"3":9,"4":9,"5":4}}
,"/Users/repin/Documents/Inbox/proxiero/stores/app.svelte.ts": {"path":"/Users/repin/Documents/Inbox/proxiero/stores/app.svelte.ts","all":false,"statementMap":{"0":{"start":{"line":1,"column":0},"end":{"line":1,"column":70}},"3":{"start":{"line":4,"column":0},"end":{"line":4,"column":53}},"5":{"start":{"line":6,"column":0},"end":{"line":6,"column":20}},"6":{"start":{"line":7,"column":0},"end":{"line":7,"column":17}},"7":{"start":{"line":8,"column":0},"end":{"line":8,"column":25}},"8":{"start":{"line":9,"column":0},"end":{"line":9,"column":4}},"9":{"start":{"line":10,"column":0},"end":{"line":10,"column":18}},"10":{"start":{"line":11,"column":0},"end":{"line":11,"column":26}},"11":{"start":{"line":12,"column":0},"end":{"line":12,"column":4}},"12":{"start":{"line":13,"column":0},"end":{"line":13,"column":17}},"13":{"start":{"line":14,"column":0},"end":{"line":14,"column":25}},"14":{"start":{"line":15,"column":0},"end":{"line":15,"column":4}},"15":{"start":{"line":16,"column":0},"end":{"line":16,"column":35}},"16":{"start":{"line":17,"column":0},"end":{"line":17,"column":70}},"17":{"start":{"line":18,"column":0},"end":{"line":18,"column":4}},"18":{"start":{"line":19,"column":0},"end":{"line":19,"column":14}},"19":{"start":{"line":20,"column":0},"end":{"line":20,"column":49}},"20":{"start":{"line":21,"column":0},"end":{"line":21,"column":4}},"21":{"start":{"line":22,"column":0},"end":{"line":22,"column":22}},"22":{"start":{"line":23,"column":0},"end":{"line":23,"column":30}},"23":{"start":{"line":24,"column":0},"end":{"line":24,"column":4}},"24":{"start":{"line":25,"column":0},"end":{"line":25,"column":19}},"25":{"start":{"line":26,"column":0},"end":{"line":26,"column":27}},"26":{"start":{"line":27,"column":0},"end":{"line":27,"column":4}},"27":{"start":{"line":28,"column":0},"end":{"line":28,"column":22}},"28":{"start":{"line":29,"column":0},"end":{"line":29,"column":30}},"29":{"start":{"line":30,"column":0},"end":{"line":30,"column":4}},"31":{"start":{"line":32,"column":0},"end":{"line":32,"column":31}},"32":{"start":{"line":33,"column":0},"end":{"line":33,"column":44}},"33":{"start":{"line":34,"column":0},"end":{"line":34,"column":4}},"35":{"start":{"line":36,"column":0},"end":{"line":36,"column":56}},"36":{"start":{"line":37,"column":0},"end":{"line":37,"column":31}},"37":{"start":{"line":38,"column":0},"end":{"line":38,"column":45}},"38":{"start":{"line":39,"column":0},"end":{"line":39,"column":4}},"40":{"start":{"line":41,"column":0},"end":{"line":41,"column":54}},"41":{"start":{"line":42,"column":0},"end":{"line":42,"column":27}},"42":{"start":{"line":43,"column":0},"end":{"line":43,"column":41}},"43":{"start":{"line":44,"column":0},"end":{"line":44,"column":4}},"45":{"start":{"line":46,"column":0},"end":{"line":46,"column":59}},"46":{"start":{"line":47,"column":0},"end":{"line":47,"column":33}},"47":{"start":{"line":48,"column":0},"end":{"line":48,"column":64}},"48":{"start":{"line":49,"column":0},"end":{"line":49,"column":4}},"50":{"start":{"line":51,"column":0},"end":{"line":51,"column":36}},"51":{"start":{"line":52,"column":0},"end":{"line":52,"column":41}},"52":{"start":{"line":53,"column":0},"end":{"line":53,"column":51}},"53":{"start":{"line":54,"column":0},"end":{"line":54,"column":43}},"54":{"start":{"line":55,"column":0},"end":{"line":55,"column":5}},"55":{"start":{"line":56,"column":0},"end":{"line":56,"column":35}},"56":{"start":{"line":57,"column":0},"end":{"line":57,"column":74}},"57":{"start":{"line":58,"column":0},"end":{"line":58,"column":16}},"58":{"start":{"line":59,"column":0},"end":{"line":59,"column":4}},"60":{"start":{"line":61,"column":0},"end":{"line":61,"column":43}},"61":{"start":{"line":62,"column":0},"end":{"line":62,"column":24}},"62":{"start":{"line":63,"column":0},"end":{"line":63,"column":38}},"63":{"start":{"line":64,"column":0},"end":{"line":64,"column":4}},"65":{"start":{"line":66,"column":0},"end":{"line":66,"column":43}},"66":{"start":{"line":67,"column":0},"end":{"line":67,"column":61}},"67":{"start":{"line":68,"column":0},"end":{"line":68,"column":81}},"68":{"start":{"line":69,"column":0},"end":{"line":69,"column":32}},"69":{"start":{"line":70,"column":0},"end":{"line":70,"column":28}},"70":{"start":{"line":71,"column":0},"end":{"line":71,"column":28}},"71":{"start":{"line":72,"column":0},"end":{"line":72,"column":28}},"72":{"start":{"line":73,"column":0},"end":{"line":73,"column":28}},"73":{"start":{"line":74,"column":0},"end":{"line":74,"column":5}},"74":{"start":{"line":75,"column":0},"end":{"line":75,"column":27}},"75":{"start":{"line":76,"column":0},"end":{"line":76,"column":4}},"77":{"start":{"line":78,"column":0},"end":{"line":78,"column":50}},"78":{"start":{"line":79,"column":0},"end":{"line":79,"column":64}},"79":{"start":{"line":80,"column":0},"end":{"line":80,"column":17}},"80":{"start":{"line":81,"column":0},"end":{"line":81,"column":80}},"81":{"start":{"line":82,"column":0},"end":{"line":82,"column":12}},"82":{"start":{"line":83,"column":0},"end":{"line":83,"column":48}},"83":{"start":{"line":84,"column":0},"end":{"line":84,"column":53}},"84":{"start":{"line":85,"column":0},"end":{"line":85,"column":5}},"85":{"start":{"line":86,"column":0},"end":{"line":86,"column":21}},"86":{"start":{"line":87,"column":0},"end":{"line":87,"column":46}},"87":{"start":{"line":88,"column":0},"end":{"line":88,"column":31}},"89":{"start":{"line":90,"column":0},"end":{"line":90,"column":4}}},"s":{"0":1,"3":1,"5":1,"6":1,"7":8,"8":8,"9":1,"10":7,"11":7,"12":1,"13":6,"14":6,"15":1,"16":6,"17":6,"18":1,"19":3,"20":3,"21":1,"22":1,"23":1,"24":1,"25":1,"26":1,"27":1,"28":1,"29":1,"31":1,"32":40,"33":40,"35":1,"36":1,"37":1,"38":1,"40":1,"41":1,"42":1,"43":1,"45":1,"46":1,"47":1,"48":1,"50":1,"51":3,"52":2,"53":1,"54":1,"55":2,"56":2,"57":2,"58":2,"60":1,"61":1,"62":1,"63":1,"65":1,"66":2,"67":2,"68":2,"69":1,"70":1,"71":1,"72":1,"73":1,"74":2,"75":2,"77":1,"78":4,"79":4,"80":1,"81":4,"82":3,"83":3,"84":3,"85":4,"86":4,"87":4,"89":4},"branchMap":{"0":{"type":"branch","line":7,"loc":{"start":{"line":7,"column":2},"end":{"line":9,"column":4}},"locations":[{"start":{"line":7,"column":2},"end":{"line":9,"column":4}}]},"1":{"type":"branch","line":10,"loc":{"start":{"line":10,"column":2},"end":{"line":12,"column":4}},"locations":[{"start":{"line":10,"column":2},"end":{"line":12,"column":4}}]},"2":{"type":"branch","line":13,"loc":{"start":{"line":13,"column":2},"end":{"line":15,"column":4}},"locations":[{"start":{"line":13,"column":2},"end":{"line":15,"column":4}}]},"3":{"type":"branch","line":16,"loc":{"start":{"line":16,"column":2},"end":{"line":18,"column":4}},"locations":[{"start":{"line":16,"column":2},"end":{"line":18,"column":4}}]},"4":{"type":"branch","line":17,"loc":{"start":{"line":17,"column":60},"end":{"line":17,"column":70}},"locations":[{"start":{"line":17,"column":60},"end":{"line":17,"column":70}}]},"5":{"type":"branch","line":17,"loc":{"start":{"line":17,"column":25},"end":{"line":17,"column":65}},"locations":[{"start":{"line":17,"column":25},"end":{"line":17,"column":65}}]},"6":{"type":"branch","line":19,"loc":{"start":{"line":19,"column":2},"end":{"line":21,"column":4}},"locations":[{"start":{"line":19,"column":2},"end":{"line":21,"column":4}}]},"7":{"type":"branch","line":20,"loc":{"start":{"line":20,"column":17},"end":{"line":20,"column":49}},"locations":[{"start":{"line":20,"column":17},"end":{"line":20,"column":49}}]},"8":{"type":"branch","line":22,"loc":{"start":{"line":22,"column":2},"end":{"line":24,"column":4}},"locations":[{"start":{"line":22,"column":2},"end":{"line":24,"column":4}}]},"9":{"type":"branch","line":25,"loc":{"start":{"line":25,"column":2},"end":{"line":27,"column":4}},"locations":[{"start":{"line":25,"column":2},"end":{"line":27,"column":4}}]},"10":{"type":"branch","line":28,"loc":{"start":{"line":28,"column":2},"end":{"line":30,"column":4}},"locations":[{"start":{"line":28,"column":2},"end":{"line":30,"column":4}}]},"11":{"type":"branch","line":32,"loc":{"start":{"line":32,"column":2},"end":{"line":34,"column":4}},"locations":[{"start":{"line":32,"column":2},"end":{"line":34,"column":4}}]},"12":{"type":"branch","line":36,"loc":{"start":{"line":36,"column":2},"end":{"line":39,"column":4}},"locations":[{"start":{"line":36,"column":2},"end":{"line":39,"column":4}}]},"13":{"type":"branch","line":41,"loc":{"start":{"line":41,"column":2},"end":{"line":44,"column":4}},"locations":[{"start":{"line":41,"column":2},"end":{"line":44,"column":4}}]},"14":{"type":"branch","line":46,"loc":{"start":{"line":46,"column":2},"end":{"line":49,"column":4}},"locations":[{"start":{"line":46,"column":2},"end":{"line":49,"column":4}}]},"15":{"type":"branch","line":51,"loc":{"start":{"line":51,"column":2},"end":{"line":59,"column":4}},"locations":[{"start":{"line":51,"column":2},"end":{"line":59,"column":4}}]},"16":{"type":"branch","line":52,"loc":{"start":{"line":52,"column":15},"end":{"line":52,"column":40}},"locations":[{"start":{"line":52,"column":15},"end":{"line":52,"column":40}}]},"17":{"type":"branch","line":52,"loc":{"start":{"line":52,"column":40},"end":{"line":59,"column":4}},"locations":[{"start":{"line":52,"column":40},"end":{"line":59,"column":4}}]},"18":{"type":"branch","line":53,"loc":{"start":{"line":53,"column":38},"end":{"line":55,"column":5}},"locations":[{"start":{"line":53,"column":38},"end":{"line":55,"column":5}}]},"19":{"type":"branch","line":61,"loc":{"start":{"line":61,"column":2},"end":{"line":64,"column":4}},"locations":[{"start":{"line":61,"column":2},"end":{"line":64,"column":4}}]},"20":{"type":"branch","line":66,"loc":{"start":{"line":66,"column":2},"end":{"line":76,"column":4}},"locations":[{"start":{"line":66,"column":2},"end":{"line":76,"column":4}}]},"21":{"type":"branch","line":69,"loc":{"start":{"line":69,"column":31},"end":{"line":74,"column":5}},"locations":[{"start":{"line":69,"column":31},"end":{"line":74,"column":5}}]},"22":{"type":"branch","line":67,"loc":{"start":{"line":67,"column":34},"end":{"line":67,"column":61}},"locations":[{"start":{"line":67,"column":34},"end":{"line":67,"column":61}}]},"23":{"type":"branch","line":78,"loc":{"start":{"line":78,"column":2},"end":{"line":90,"column":4}},"locations":[{"start":{"line":78,"column":2},"end":{"line":90,"column":4}}]},"24":{"type":"branch","line":80,"loc":{"start":{"line":80,"column":16},"end":{"line":82,"column":11}},"locations":[{"start":{"line":80,"column":16},"end":{"line":82,"column":11}}]},"25":{"type":"branch","line":82,"loc":{"start":{"line":82,"column":4},"end":{"line":85,"column":5}},"locations":[{"start":{"line":82,"column":4},"end":{"line":85,"column":5}}]},"26":{"type":"branch","line":84,"loc":{"start":{"line":84,"column":27},"end":{"line":84,"column":53}},"locations":[{"start":{"line":84,"column":27},"end":{"line":84,"column":53}}]},"27":{"type":"branch","line":79,"loc":{"start":{"line":79,"column":33},"end":{"line":79,"column":64}},"locations":[{"start":{"line":79,"column":33},"end":{"line":79,"column":64}}]},"28":{"type":"branch","line":81,"loc":{"start":{"line":81,"column":36},"end":{"line":81,"column":78}},"locations":[{"start":{"line":81,"column":36},"end":{"line":81,"column":78}}]},"29":{"type":"branch","line":81,"loc":{"start":{"line":81,"column":63},"end":{"line":81,"column":76}},"locations":[{"start":{"line":81,"column":63},"end":{"line":81,"column":76}}]},"30":{"type":"branch","line":81,"loc":{"start":{"line":81,"column":68},"end":{"line":81,"column":78}},"locations":[{"start":{"line":81,"column":68},"end":{"line":81,"column":78}}]}},"b":{"0":[8],"1":[7],"2":[6],"3":[6],"4":[4],"5":[8],"6":[3],"7":[2],"8":[1],"9":[1],"10":[1],"11":[40],"12":[1],"13":[1],"14":[1],"15":[3],"16":[2],"17":[2],"18":[1],"19":[1],"20":[2],"21":[1],"22":[4],"23":[4],"24":[1],"25":[3],"26":[2],"27":[2],"28":[2],"29":[1],"30":[1]},"fnMap":{"0":{"name":"get proxies","decl":{"start":{"line":7,"column":2},"end":{"line":9,"column":4}},"loc":{"start":{"line":7,"column":2},"end":{"line":9,"column":4}},"line":7},"1":{"name":"get activeId","decl":{"start":{"line":10,"column":2},"end":{"line":12,"column":4}},"loc":{"start":{"line":10,"column":2},"end":{"line":12,"column":4}},"line":10},"2":{"name":"get enabled","decl":{"start":{"line":13,"column":2},"end":{"line":15,"column":4}},"loc":{"start":{"line":13,"column":2},"end":{"line":15,"column":4}},"line":13},"3":{"name":"get active","decl":{"start":{"line":16,"column":2},"end":{"line":18,"column":4}},"loc":{"start":{"line":16,"column":2},"end":{"line":18,"column":4}},"line":16},"4":{"name":"get isOn","decl":{"start":{"line":19,"column":2},"end":{"line":21,"column":4}},"loc":{"start":{"line":19,"column":2},"end":{"line":21,"column":4}},"line":19},"5":{"name":"get splitEnabled","decl":{"start":{"line":22,"column":2},"end":{"line":24,"column":4}},"loc":{"start":{"line":22,"column":2},"end":{"line":24,"column":4}},"line":22},"6":{"name":"get splitMode","decl":{"start":{"line":25,"column":2},"end":{"line":27,"column":4}},"loc":{"start":{"line":25,"column":2},"end":{"line":27,"column":4}},"line":25},"7":{"name":"get splitDomains","decl":{"start":{"line":28,"column":2},"end":{"line":30,"column":4}},"loc":{"start":{"line":28,"column":2},"end":{"line":30,"column":4}},"line":28},"8":{"name":"init","decl":{"start":{"line":32,"column":2},"end":{"line":34,"column":4}},"loc":{"start":{"line":32,"column":2},"end":{"line":34,"column":4}},"line":32},"9":{"name":"setSplitEnabled","decl":{"start":{"line":36,"column":2},"end":{"line":39,"column":4}},"loc":{"start":{"line":36,"column":2},"end":{"line":39,"column":4}},"line":36},"10":{"name":"setSplitMode","decl":{"start":{"line":41,"column":2},"end":{"line":44,"column":4}},"loc":{"start":{"line":41,"column":2},"end":{"line":44,"column":4}},"line":41},"11":{"name":"setSplitDomains","decl":{"start":{"line":46,"column":2},"end":{"line":49,"column":4}},"loc":{"start":{"line":46,"column":2},"end":{"line":49,"column":4}},"line":46},"12":{"name":"toggle","decl":{"start":{"line":51,"column":2},"end":{"line":59,"column":4}},"loc":{"start":{"line":51,"column":2},"end":{"line":59,"column":4}},"line":51},"13":{"name":"select","decl":{"start":{"line":61,"column":2},"end":{"line":64,"column":4}},"loc":{"start":{"line":61,"column":2},"end":{"line":64,"column":4}},"line":61},"14":{"name":"remove","decl":{"start":{"line":66,"column":2},"end":{"line":76,"column":4}},"loc":{"start":{"line":66,"column":2},"end":{"line":76,"column":4}},"line":66},"15":{"name":"upsert","decl":{"start":{"line":78,"column":2},"end":{"line":90,"column":4}},"loc":{"start":{"line":78,"column":2},"end":{"line":90,"column":4}},"line":78}},"f":{"0":8,"1":7,"2":6,"3":6,"4":3,"5":1,"6":1,"7":1,"8":40,"9":1,"10":1,"11":1,"12":3,"13":1,"14":2,"15":4}}
,"/Users/repin/Documents/Inbox/proxiero/stores/form.svelte.ts": {"path":"/Users/repin/Documents/Inbox/proxiero/stores/form.svelte.ts","all":false,"statementMap":{"0":{"start":{"line":1,"column":0},"end":{"line":1,"column":83}},"2":{"start":{"line":3,"column":0},"end":{"line":3,"column":35}},"4":{"start":{"line":5,"column":0},"end":{"line":5,"column":28}},"5":{"start":{"line":6,"column":0},"end":{"line":6,"column":17}},"6":{"start":{"line":7,"column":0},"end":{"line":7,"column":35}},"7":{"start":{"line":8,"column":0},"end":{"line":8,"column":12}},"8":{"start":{"line":9,"column":0},"end":{"line":9,"column":11}},"9":{"start":{"line":10,"column":0},"end":{"line":10,"column":32}},"10":{"start":{"line":11,"column":0},"end":{"line":11,"column":11}},"11":{"start":{"line":12,"column":0},"end":{"line":12,"column":11}},"12":{"start":{"line":13,"column":0},"end":{"line":13,"column":11}},"13":{"start":{"line":14,"column":0},"end":{"line":14,"column":11}},"16":{"start":{"line":17,"column":0},"end":{"line":17,"column":26}},"18":{"start":{"line":19,"column":0},"end":{"line":19,"column":28}},"19":{"start":{"line":20,"column":0},"end":{"line":20,"column":15}},"20":{"start":{"line":21,"column":0},"end":{"line":21,"column":17}},"21":{"start":{"line":22,"column":0},"end":{"line":22,"column":4}},"23":{"start":{"line":24,"column":0},"end":{"line":24,"column":16}},"24":{"start":{"line":25,"column":0},"end":{"line":25,"column":24}},"25":{"start":{"line":26,"column":0},"end":{"line":26,"column":4}},"27":{"start":{"line":28,"column":0},"end":{"line":28,"column":16}},"28":{"start":{"line":29,"column":0},"end":{"line":29,"column":25}},"29":{"start":{"line":30,"column":0},"end":{"line":30,"column":4}},"31":{"start":{"line":32,"column":0},"end":{"line":32,"column":32}},"32":{"start":{"line":33,"column":0},"end":{"line":33,"column":26}},"33":{"start":{"line":34,"column":0},"end":{"line":34,"column":29}},"34":{"start":{"line":35,"column":0},"end":{"line":35,"column":27}},"35":{"start":{"line":36,"column":0},"end":{"line":36,"column":23}},"36":{"start":{"line":37,"column":0},"end":{"line":37,"column":31}},"37":{"start":{"line":38,"column":0},"end":{"line":38,"column":33}},"38":{"start":{"line":39,"column":0},"end":{"line":39,"column":33}},"39":{"start":{"line":40,"column":0},"end":{"line":40,"column":20}},"40":{"start":{"line":41,"column":0},"end":{"line":41,"column":24}},"41":{"start":{"line":42,"column":0},"end":{"line":42,"column":4}},"43":{"start":{"line":44,"column":0},"end":{"line":44,"column":35}},"44":{"start":{"line":45,"column":0},"end":{"line":45,"column":53}},"45":{"start":{"line":46,"column":0},"end":{"line":46,"column":4}},"47":{"start":{"line":48,"column":0},"end":{"line":48,"column":17}},"48":{"start":{"line":49,"column":0},"end":{"line":49,"column":67}},"49":{"start":{"line":50,"column":0},"end":{"line":50,"column":25}},"50":{"start":{"line":51,"column":0},"end":{"line":51,"column":26}},"51":{"start":{"line":52,"column":0},"end":{"line":52,"column":20}},"52":{"start":{"line":53,"column":0},"end":{"line":53,"column":25}},"53":{"start":{"line":54,"column":0},"end":{"line":54,"column":17}},"54":{"start":{"line":55,"column":0},"end":{"line":55,"column":4}},"56":{"start":{"line":57,"column":0},"end":{"line":57,"column":34}},"57":{"start":{"line":58,"column":0},"end":{"line":58,"column":36}},"58":{"start":{"line":59,"column":0},"end":{"line":59,"column":16}},"59":{"start":{"line":60,"column":0},"end":{"line":60,"column":36}},"60":{"start":{"line":61,"column":0},"end":{"line":61,"column":39}},"61":{"start":{"line":62,"column":0},"end":{"line":62,"column":29}},"62":{"start":{"line":63,"column":0},"end":{"line":63,"column":33}},"63":{"start":{"line":64,"column":0},"end":{"line":64,"column":29}},"64":{"start":{"line":65,"column":0},"end":{"line":65,"column":29}},"65":{"start":{"line":66,"column":0},"end":{"line":66,"column":29}},"66":{"start":{"line":67,"column":0},"end":{"line":67,"column":29}},"67":{"start":{"line":68,"column":0},"end":{"line":68,"column":80}},"68":{"start":{"line":69,"column":0},"end":{"line":69,"column":30}},"69":{"start":{"line":70,"column":0},"end":{"line":70,"column":7}},"70":{"start":{"line":71,"column":0},"end":{"line":71,"column":5}},"71":{"start":{"line":72,"column":0},"end":{"line":72,"column":17}},"72":{"start":{"line":73,"column":0},"end":{"line":73,"column":4}},"74":{"start":{"line":75,"column":0},"end":{"line":75,"column":25}},"75":{"start":{"line":76,"column":0},"end":{"line":76,"column":12}},"76":{"start":{"line":77,"column":0},"end":{"line":77,"column":29}},"77":{"start":{"line":78,"column":0},"end":{"line":78,"column":32}},"78":{"start":{"line":79,"column":0},"end":{"line":79,"column":22}},"79":{"start":{"line":80,"column":0},"end":{"line":80,"column":26}},"80":{"start":{"line":81,"column":0},"end":{"line":81,"column":22}},"81":{"start":{"line":82,"column":0},"end":{"line":82,"column":22}},"82":{"start":{"line":83,"column":0},"end":{"line":83,"column":22}},"83":{"start":{"line":84,"column":0},"end":{"line":84,"column":22}},"85":{"start":{"line":86,"column":0},"end":{"line":86,"column":4}},"87":{"start":{"line":88,"column":0},"end":{"line":88,"column":35}},"88":{"start":{"line":89,"column":0},"end":{"line":89,"column":20}},"89":{"start":{"line":90,"column":0},"end":{"line":90,"column":24}},"90":{"start":{"line":91,"column":0},"end":{"line":91,"column":25}},"91":{"start":{"line":92,"column":0},"end":{"line":92,"column":20}},"92":{"start":{"line":93,"column":0},"end":{"line":93,"column":20}},"93":{"start":{"line":94,"column":0},"end":{"line":94,"column":20}},"94":{"start":{"line":95,"column":0},"end":{"line":95,"column":20}},"95":{"start":{"line":96,"column":0},"end":{"line":96,"column":18}},"96":{"start":{"line":97,"column":0},"end":{"line":97,"column":31}},"97":{"start":{"line":98,"column":0},"end":{"line":98,"column":26}},"98":{"start":{"line":99,"column":0},"end":{"line":99,"column":4}}},"s":{"0":1,"2":1,"4":1,"5":1,"6":1,"7":1,"8":1,"9":1,"10":1,"11":1,"12":1,"13":1,"16":1,"18":1,"19":1,"20":1,"21":1,"23":1,"24":1,"25":1,"27":1,"28":1,"29":1,"31":1,"32":6,"33":6,"34":6,"35":6,"36":6,"37":6,"38":6,"39":6,"40":6,"41":6,"43":1,"44":2,"45":2,"47":1,"48":15,"49":15,"50":15,"51":15,"52":15,"53":15,"54":15,"56":1,"57":3,"58":3,"59":2,"60":2,"61":2,"62":2,"63":2,"64":2,"65":2,"66":2,"67":2,"68":1,"69":1,"70":2,"71":3,"72":3,"74":1,"75":1,"76":1,"77":1,"78":1,"79":1,"80":1,"81":1,"82":1,"83":1,"85":1,"87":1,"88":2,"89":2,"90":1,"91":1,"92":1,"93":1,"94":1,"95":1,"96":2,"97":1,"98":2},"branchMap":{"0":{"type":"branch","line":20,"loc":{"start":{"line":20,"column":2},"end":{"line":22,"column":4}},"locations":[{"start":{"line":20,"column":2},"end":{"line":22,"column":4}}]},"1":{"type":"branch","line":24,"loc":{"start":{"line":24,"column":2},"end":{"line":26,"column":4}},"locations":[{"start":{"line":24,"column":2},"end":{"line":26,"column":4}}]},"2":{"type":"branch","line":28,"loc":{"start":{"line":28,"column":2},"end":{"line":30,"column":4}},"locations":[{"start":{"line":28,"column":2},"end":{"line":30,"column":4}}]},"3":{"type":"branch","line":32,"loc":{"start":{"line":32,"column":2},"end":{"line":42,"column":4}},"locations":[{"start":{"line":32,"column":2},"end":{"line":42,"column":4}}]},"4":{"type":"branch","line":34,"loc":{"start":{"line":34,"column":18},"end":{"line":34,"column":29}},"locations":[{"start":{"line":34,"column":18},"end":{"line":34,"column":29}}]},"5":{"type":"branch","line":38,"loc":{"start":{"line":38,"column":18},"end":{"line":38,"column":33}},"locations":[{"start":{"line":38,"column":18},"end":{"line":38,"column":33}}]},"6":{"type":"branch","line":39,"loc":{"start":{"line":39,"column":18},"end":{"line":39,"column":33}},"locations":[{"start":{"line":39,"column":18},"end":{"line":39,"column":33}}]},"7":{"type":"branch","line":44,"loc":{"start":{"line":44,"column":2},"end":{"line":46,"column":4}},"locations":[{"start":{"line":44,"column":2},"end":{"line":46,"column":4}}]},"8":{"type":"branch","line":45,"loc":{"start":{"line":45,"column":31},"end":{"line":45,"column":53}},"locations":[{"start":{"line":45,"column":31},"end":{"line":45,"column":53}}]},"9":{"type":"branch","line":48,"loc":{"start":{"line":48,"column":2},"end":{"line":55,"column":4}},"locations":[{"start":{"line":48,"column":2},"end":{"line":55,"column":4}}]},"10":{"type":"branch","line":57,"loc":{"start":{"line":57,"column":2},"end":{"line":73,"column":4}},"locations":[{"start":{"line":57,"column":2},"end":{"line":73,"column":4}}]},"11":{"type":"branch","line":59,"loc":{"start":{"line":59,"column":15},"end":{"line":71,"column":5}},"locations":[{"start":{"line":59,"column":15},"end":{"line":71,"column":5}}]},"12":{"type":"branch","line":68,"loc":{"start":{"line":68,"column":79},"end":{"line":70,"column":7}},"locations":[{"start":{"line":68,"column":79},"end":{"line":70,"column":7}}]},"13":{"type":"branch","line":68,"loc":{"start":{"line":68,"column":41},"end":{"line":68,"column":79}},"locations":[{"start":{"line":68,"column":41},"end":{"line":68,"column":79}}]},"14":{"type":"branch","line":75,"loc":{"start":{"line":75,"column":2},"end":{"line":86,"column":4}},"locations":[{"start":{"line":75,"column":2},"end":{"line":86,"column":4}}]},"15":{"type":"branch","line":88,"loc":{"start":{"line":88,"column":2},"end":{"line":99,"column":4}},"locations":[{"start":{"line":88,"column":2},"end":{"line":99,"column":4}}]},"16":{"type":"branch","line":90,"loc":{"start":{"line":90,"column":13},"end":{"line":91,"column":25}},"locations":[{"start":{"line":90,"column":13},"end":{"line":91,"column":25}}]},"17":{"type":"branch","line":91,"loc":{"start":{"line":91,"column":13},"end":{"line":92,"column":20}},"locations":[{"start":{"line":91,"column":13},"end":{"line":92,"column":20}}]},"18":{"type":"branch","line":92,"loc":{"start":{"line":92,"column":13},"end":{"line":93,"column":20}},"locations":[{"start":{"line":92,"column":13},"end":{"line":93,"column":20}}]},"19":{"type":"branch","line":93,"loc":{"start":{"line":93,"column":13},"end":{"line":94,"column":20}},"locations":[{"start":{"line":93,"column":13},"end":{"line":94,"column":20}}]},"20":{"type":"branch","line":94,"loc":{"start":{"line":94,"column":13},"end":{"line":95,"column":20}},"locations":[{"start":{"line":94,"column":13},"end":{"line":95,"column":20}}]},"21":{"type":"branch","line":95,"loc":{"start":{"line":95,"column":13},"end":{"line":96,"column":18}},"locations":[{"start":{"line":95,"column":13},"end":{"line":96,"column":18}}]},"22":{"type":"branch","line":97,"loc":{"start":{"line":97,"column":8},"end":{"line":98,"column":26}},"locations":[{"start":{"line":97,"column":8},"end":{"line":98,"column":26}}]}},"b":{"0":[1],"1":[1],"2":[1],"3":[6],"4":[1],"5":[1],"6":[1],"7":[2],"8":[1],"9":[15],"10":[3],"11":[2],"12":[1],"13":[1],"14":[1],"15":[2],"16":[1],"17":[1],"18":[1],"19":[1],"20":[1],"21":[1],"22":[1]},"fnMap":{"0":{"name":"get ready","decl":{"start":{"line":20,"column":2},"end":{"line":22,"column":4}},"loc":{"start":{"line":20,"column":2},"end":{"line":22,"column":4}},"line":20},"1":{"name":"open","decl":{"start":{"line":24,"column":2},"end":{"line":26,"column":4}},"loc":{"start":{"line":24,"column":2},"end":{"line":26,"column":4}},"line":24},"2":{"name":"hide","decl":{"start":{"line":28,"column":2},"end":{"line":30,"column":4}},"loc":{"start":{"line":28,"column":2},"end":{"line":30,"column":4}},"line":28},"3":{"name":"openFor","decl":{"start":{"line":32,"column":2},"end":{"line":42,"column":4}},"loc":{"start":{"line":32,"column":2},"end":{"line":42,"column":4}},"line":32},"4":{"name":"detachEditing","decl":{"start":{"line":44,"column":2},"end":{"line":46,"column":4}},"loc":{"start":{"line":44,"column":2},"end":{"line":46,"column":4}},"line":44},"5":{"name":"reset","decl":{"start":{"line":48,"column":2},"end":{"line":55,"column":4}},"loc":{"start":{"line":48,"column":2},"end":{"line":55,"column":4}},"line":48},"6":{"name":"restore","decl":{"start":{"line":57,"column":2},"end":{"line":73,"column":4}},"loc":{"start":{"line":57,"column":2},"end":{"line":73,"column":4}},"line":57},"7":{"name":"snapshot","decl":{"start":{"line":75,"column":2},"end":{"line":86,"column":4}},"loc":{"start":{"line":75,"column":2},"end":{"line":86,"column":4}},"line":75},"8":{"name":"persist","decl":{"start":{"line":88,"column":2},"end":{"line":99,"column":4}},"loc":{"start":{"line":88,"column":2},"end":{"line":99,"column":4}},"line":88}},"f":{"0":1,"1":1,"2":1,"3":6,"4":2,"5":15,"6":3,"7":1,"8":2}}
,"/Users/repin/Documents/Inbox/proxiero/stores/pings.svelte.ts": {"path":"/Users/repin/Documents/Inbox/proxiero/stores/pings.svelte.ts","all":false,"statementMap":{"0":{"start":{"line":1,"column":0},"end":{"line":1,"column":58}},"5":{"start":{"line":6,"column":0},"end":{"line":6,"column":63}},"7":{"start":{"line":8,"column":0},"end":{"line":8,"column":22}},"8":{"start":{"line":9,"column":0},"end":{"line":9,"column":30}},"9":{"start":{"line":10,"column":0},"end":{"line":10,"column":19}},"10":{"start":{"line":11,"column":0},"end":{"line":11,"column":4}},"11":{"start":{"line":12,"column":0},"end":{"line":12,"column":29}},"12":{"start":{"line":13,"column":0},"end":{"line":13,"column":26}},"13":{"start":{"line":14,"column":0},"end":{"line":14,"column":35}},"14":{"start":{"line":15,"column":0},"end":{"line":15,"column":20}},"15":{"start":{"line":16,"column":0},"end":{"line":16,"column":7}},"16":{"start":{"line":17,"column":0},"end":{"line":17,"column":4}},"17":{"start":{"line":18,"column":0},"end":{"line":18,"column":37}},"18":{"start":{"line":19,"column":0},"end":{"line":19,"column":39}},"19":{"start":{"line":20,"column":0},"end":{"line":20,"column":4}}},"s":{"0":1,"5":1,"7":1,"8":1,"9":6,"10":6,"11":1,"12":4,"13":4,"14":2,"15":4,"16":4,"17":1,"18":1,"19":1},"branchMap":{"0":{"type":"branch","line":9,"loc":{"start":{"line":9,"column":2},"end":{"line":11,"column":4}},"locations":[{"start":{"line":9,"column":2},"end":{"line":11,"column":4}}]},"1":{"type":"branch","line":12,"loc":{"start":{"line":12,"column":2},"end":{"line":17,"column":4}},"locations":[{"start":{"line":12,"column":2},"end":{"line":17,"column":4}}]},"2":{"type":"branch","line":14,"loc":{"start":{"line":14,"column":22},"end":{"line":16,"column":5}},"locations":[{"start":{"line":14,"column":22},"end":{"line":16,"column":5}}]},"3":{"type":"branch","line":18,"loc":{"start":{"line":18,"column":2},"end":{"line":20,"column":4}},"locations":[{"start":{"line":18,"column":2},"end":{"line":20,"column":4}}]},"4":{"type":"branch","line":19,"loc":{"start":{"line":19,"column":26},"end":{"line":19,"column":39}},"locations":[{"start":{"line":19,"column":26},"end":{"line":19,"column":39}}]}},"b":{"0":[6],"1":[4],"2":[2],"3":[1],"4":[2]},"fnMap":{"0":{"name":"of","decl":{"start":{"line":9,"column":2},"end":{"line":11,"column":4}},"loc":{"start":{"line":9,"column":2},"end":{"line":11,"column":4}},"line":9},"1":{"name":"ping","decl":{"start":{"line":12,"column":2},"end":{"line":17,"column":4}},"loc":{"start":{"line":12,"column":2},"end":{"line":17,"column":4}},"line":12},"2":{"name":"refresh","decl":{"start":{"line":18,"column":2},"end":{"line":20,"column":4}},"loc":{"start":{"line":18,"column":2},"end":{"line":20,"column":4}},"line":18}},"f":{"0":6,"1":4,"2":1}}
,"/Users/repin/Documents/Inbox/proxiero/stores/ui.svelte.ts": {"path":"/Users/repin/Documents/Inbox/proxiero/stores/ui.svelte.ts","all":true,"statementMap":{"0":{"start":{"line":1,"column":0},"end":{"line":1,"column":26}},"1":{"start":{"line":2,"column":0},"end":{"line":2,"column":15}},"2":{"start":{"line":3,"column":0},"end":{"line":3,"column":15}}},"s":{"0":0,"1":0,"2":0},"branchMap":{"0":{"type":"branch","line":1,"loc":{"start":{"line":1,"column":62},"end":{"line":4,"column":3}},"locations":[{"start":{"line":1,"column":62},"end":{"line":4,"column":3}}]}},"b":{"0":[0]},"fnMap":{"0":{"name":"(empty-report)","decl":{"start":{"line":1,"column":62},"end":{"line":4,"column":3}},"loc":{"start":{"line":1,"column":62},"end":{"line":4,"column":3}},"line":1}},"f":{"0":0}}
,"/Users/repin/Documents/Inbox/proxiero/utils/i18n.svelte.ts": {"path":"/Users/repin/Documents/Inbox/proxiero/utils/i18n.svelte.ts","all":false,"statementMap":{"0":{"start":{"line":1,"column":0},"end":{"line":1,"column":35}},"1":{"start":{"line":2,"column":0},"end":{"line":2,"column":35}},"5":{"start":{"line":6,"column":0},"end":{"line":6,"column":63}},"7":{"start":{"line":8,"column":0},"end":{"line":8,"column":33}},"9":{"start":{"line":10,"column":0},"end":{"line":10,"column":25}},"11":{"start":{"line":12,"column":0},"end":{"line":12,"column":1}},"13":{"start":{"line":14,"column":0},"end":{"line":14,"column":49}},"16":{"start":{"line":17,"column":0},"end":{"line":17,"column":1}},"18":{"start":{"line":19,"column":0},"end":{"line":19,"column":33}},"20":{"start":{"line":21,"column":0},"end":{"line":21,"column":1}},"22":{"start":{"line":23,"column":0},"end":{"line":23,"column":36}},"25":{"start":{"line":26,"column":0},"end":{"line":26,"column":1}},"27":{"start":{"line":28,"column":0},"end":{"line":28,"column":73}},"33":{"start":{"line":34,"column":0},"end":{"line":34,"column":1}}},"s":{"0":1,"1":1,"5":1,"7":1,"9":3,"11":3,"13":10,"16":10,"18":1,"20":6,"22":1,"25":2,"27":1,"33":4},"branchMap":{"0":{"type":"branch","line":10,"loc":{"start":{"line":10,"column":0},"end":{"line":12,"column":1}},"locations":[{"start":{"line":10,"column":0},"end":{"line":12,"column":1}}]},"1":{"type":"branch","line":14,"loc":{"start":{"line":14,"column":0},"end":{"line":17,"column":1}},"locations":[{"start":{"line":14,"column":0},"end":{"line":17,"column":1}}]},"2":{"type":"branch","line":19,"loc":{"start":{"line":19,"column":7},"end":{"line":21,"column":1}},"locations":[{"start":{"line":19,"column":7},"end":{"line":21,"column":1}}]},"3":{"type":"branch","line":23,"loc":{"start":{"line":23,"column":7},"end":{"line":26,"column":1}},"locations":[{"start":{"line":23,"column":7},"end":{"line":26,"column":1}}]},"4":{"type":"branch","line":28,"loc":{"start":{"line":28,"column":7},"end":{"line":34,"column":1}},"locations":[{"start":{"line":28,"column":7},"end":{"line":34,"column":1}}]}},"b":{"0":[3],"1":[10],"2":[6],"3":[2],"4":[4]},"fnMap":{"0":{"name":"detect","decl":{"start":{"line":10,"column":0},"end":{"line":12,"column":1}},"loc":{"start":{"line":10,"column":0},"end":{"line":12,"column":1}},"line":10},"1":{"name":"initLang","decl":{"start":{"line":14,"column":0},"end":{"line":17,"column":1}},"loc":{"start":{"line":14,"column":0},"end":{"line":17,"column":1}},"line":14},"2":{"name":"getLang","decl":{"start":{"line":19,"column":7},"end":{"line":21,"column":1}},"loc":{"start":{"line":19,"column":7},"end":{"line":21,"column":1}},"line":19},"3":{"name":"toggleLang","decl":{"start":{"line":23,"column":7},"end":{"line":26,"column":1}},"loc":{"start":{"line":23,"column":7},"end":{"line":26,"column":1}},"line":23},"4":{"name":"t","decl":{"start":{"line":28,"column":7},"end":{"line":34,"column":1}},"loc":{"start":{"line":28,"column":7},"end":{"line":34,"column":1}},"line":28}},"f":{"0":3,"1":10,"2":6,"3":2,"4":4}}
,"/Users/repin/Documents/Inbox/proxiero/utils/parse.ts": {"path":"/Users/repin/Documents/Inbox/proxiero/utils/parse.ts","all":false,"statementMap":{"10":{"start":{"line":11,"column":0},"end":{"line":11,"column":65}},"11":{"start":{"line":12,"column":0},"end":{"line":12,"column":21}},"12":{"start":{"line":13,"column":0},"end":{"line":13,"column":47}},"14":{"start":{"line":15,"column":0},"end":{"line":15,"column":59}},"15":{"start":{"line":16,"column":0},"end":{"line":16,"column":20}},"16":{"start":{"line":17,"column":0},"end":{"line":17,"column":64}},"17":{"start":{"line":18,"column":0},"end":{"line":18,"column":39}},"18":{"start":{"line":19,"column":0},"end":{"line":19,"column":3}},"20":{"start":{"line":21,"column":0},"end":{"line":21,"column":32}},"21":{"start":{"line":22,"column":0},"end":{"line":22,"column":18}},"22":{"start":{"line":23,"column":0},"end":{"line":23,"column":33}},"23":{"start":{"line":24,"column":0},"end":{"line":24,"column":24}},"24":{"start":{"line":25,"column":0},"end":{"line":25,"column":37}},"25":{"start":{"line":26,"column":0},"end":{"line":26,"column":67}},"26":{"start":{"line":27,"column":0},"end":{"line":27,"column":65}},"27":{"start":{"line":28,"column":0},"end":{"line":28,"column":3}},"29":{"start":{"line":30,"column":0},"end":{"line":30,"column":48}},"30":{"start":{"line":31,"column":0},"end":{"line":31,"column":18}},"31":{"start":{"line":32,"column":0},"end":{"line":32,"column":21}},"32":{"start":{"line":33,"column":0},"end":{"line":33,"column":31}},"33":{"start":{"line":34,"column":0},"end":{"line":34,"column":3}},"35":{"start":{"line":36,"column":0},"end":{"line":36,"column":18}},"36":{"start":{"line":37,"column":0},"end":{"line":37,"column":16}},"37":{"start":{"line":38,"column":0},"end":{"line":38,"column":1}}},"s":{"10":1,"11":15,"12":15,"14":15,"15":15,"16":6,"17":6,"18":6,"20":15,"21":15,"22":4,"23":4,"24":4,"25":4,"26":4,"27":4,"29":15,"30":15,"31":11,"32":11,"33":11,"35":15,"36":15,"37":15},"branchMap":{"0":{"type":"branch","line":11,"loc":{"start":{"line":11,"column":7},"end":{"line":38,"column":1}},"locations":[{"start":{"line":11,"column":7},"end":{"line":38,"column":1}}]},"1":{"type":"branch","line":16,"loc":{"start":{"line":16,"column":19},"end":{"line":19,"column":3}},"locations":[{"start":{"line":16,"column":19},"end":{"line":19,"column":3}}]},"2":{"type":"branch","line":22,"loc":{"start":{"line":22,"column":17},"end":{"line":28,"column":3}},"locations":[{"start":{"line":22,"column":17},"end":{"line":28,"column":3}}]},"3":{"type":"branch","line":26,"loc":{"start":{"line":26,"column":32},"end":{"line":26,"column":45}},"locations":[{"start":{"line":26,"column":32},"end":{"line":26,"column":45}}]},"4":{"type":"branch","line":26,"loc":{"start":{"line":26,"column":37},"end":{"line":26,"column":67}},"locations":[{"start":{"line":26,"column":37},"end":{"line":26,"column":67}}]},"5":{"type":"branch","line":27,"loc":{"start":{"line":27,"column":32},"end":{"line":27,"column":42}},"locations":[{"start":{"line":27,"column":32},"end":{"line":27,"column":42}}]},"6":{"type":"branch","line":27,"loc":{"start":{"line":27,"column":37},"end":{"line":27,"column":65}},"locations":[{"start":{"line":27,"column":37},"end":{"line":27,"column":65}}]},"7":{"type":"branch","line":31,"loc":{"start":{"line":31,"column":17},"end":{"line":34,"column":3}},"locations":[{"start":{"line":31,"column":17},"end":{"line":34,"column":3}}]}},"b":{"0":[15],"1":[6],"2":[4],"3":[1],"4":[3],"5":[1],"6":[3],"7":[11]},"fnMap":{"0":{"name":"parseProxyString","decl":{"start":{"line":11,"column":7},"end":{"line":38,"column":1}},"loc":{"start":{"line":11,"column":7},"end":{"line":38,"column":1}},"line":11}},"f":{"0":15}}
,"/Users/repin/Documents/Inbox/proxiero/utils/ping.ts": {"path":"/Users/repin/Documents/Inbox/proxiero/utils/ping.ts","all":false,"statementMap":{"4":{"start":{"line":5,"column":0},"end":{"line":5,"column":87}},"5":{"start":{"line":6,"column":0},"end":{"line":6,"column":37}},"6":{"start":{"line":7,"column":0},"end":{"line":7,"column":58}},"7":{"start":{"line":8,"column":0},"end":{"line":8,"column":87}},"8":{"start":{"line":9,"column":0},"end":{"line":9,"column":34}},"9":{"start":{"line":10,"column":0},"end":{"line":10,"column":7}},"10":{"start":{"line":11,"column":0},"end":{"line":11,"column":27}},"11":{"start":{"line":12,"column":0},"end":{"line":12,"column":22}},"12":{"start":{"line":13,"column":0},"end":{"line":13,"column":24}},"13":{"start":{"line":14,"column":0},"end":{"line":14,"column":25}},"14":{"start":{"line":15,"column":0},"end":{"line":15,"column":26}},"15":{"start":{"line":16,"column":0},"end":{"line":16,"column":7}},"16":{"start":{"line":17,"column":0},"end":{"line":17,"column":67}},"17":{"start":{"line":18,"column":0},"end":{"line":18,"column":11}},"18":{"start":{"line":19,"column":0},"end":{"line":19,"column":60}},"19":{"start":{"line":20,"column":0},"end":{"line":20,"column":53}},"20":{"start":{"line":21,"column":0},"end":{"line":21,"column":76}},"21":{"start":{"line":22,"column":0},"end":{"line":22,"column":13}},"22":{"start":{"line":23,"column":0},"end":{"line":23,"column":24}},"23":{"start":{"line":24,"column":0},"end":{"line":24,"column":3}},"24":{"start":{"line":25,"column":0},"end":{"line":25,"column":1}}},"s":{"4":7,"5":7,"6":7,"7":7,"8":7,"9":7,"10":7,"11":7,"12":7,"13":7,"14":7,"15":7,"16":4,"17":7,"18":3,"19":2,"20":3,"21":7,"22":7,"23":7,"24":7},"branchMap":{"0":{"type":"branch","line":5,"loc":{"start":{"line":5,"column":0},"end":{"line":25,"column":1}},"locations":[{"start":{"line":5,"column":0},"end":{"line":25,"column":1}}]},"1":{"type":"branch","line":8,"loc":{"start":{"line":8,"column":35},"end":{"line":8,"column":55}},"locations":[{"start":{"line":8,"column":35},"end":{"line":8,"column":55}}]},"2":{"type":"branch","line":8,"loc":{"start":{"line":8,"column":45},"end":{"line":8,"column":61}},"locations":[{"start":{"line":8,"column":45},"end":{"line":8,"column":61}}]},"3":{"type":"branch","line":16,"loc":{"start":{"line":16,"column":5},"end":{"line":18,"column":10}},"locations":[{"start":{"line":16,"column":5},"end":{"line":18,"column":10}}]},"4":{"type":"branch","line":18,"loc":{"start":{"line":18,"column":2},"end":{"line":22,"column":4}},"locations":[{"start":{"line":18,"column":2},"end":{"line":22,"column":4}}]},"5":{"type":"branch","line":19,"loc":{"start":{"line":19,"column":29},"end":{"line":19,"column":60}},"locations":[{"start":{"line":19,"column":29},"end":{"line":19,"column":60}}]},"6":{"type":"branch","line":19,"loc":{"start":{"line":19,"column":58},"end":{"line":21,"column":33}},"locations":[{"start":{"line":19,"column":58},"end":{"line":21,"column":33}}]},"7":{"type":"branch","line":21,"loc":{"start":{"line":21,"column":24},"end":{"line":21,"column":59}},"locations":[{"start":{"line":21,"column":24},"end":{"line":21,"column":59}}]},"8":{"type":"branch","line":21,"loc":{"start":{"line":21,"column":55},"end":{"line":21,"column":76}},"locations":[{"start":{"line":21,"column":55},"end":{"line":21,"column":76}}]},"9":{"type":"branch","line":22,"loc":{"start":{"line":22,"column":2},"end":{"line":22,"column":4}},"locations":[{"start":{"line":22,"column":2},"end":{"line":22,"column":4}}]},"10":{"type":"branch","line":7,"loc":{"start":{"line":7,"column":27},"end":{"line":7,"column":47}},"locations":[{"start":{"line":7,"column":27},"end":{"line":7,"column":47}}]}},"b":{"0":[7],"1":[1],"2":[6],"3":[4],"4":[3],"5":[1],"6":[2],"7":[1],"8":[1],"9":[0],"10":[1]},"fnMap":{"0":{"name":"pingProxy","decl":{"start":{"line":5,"column":0},"end":{"line":25,"column":1}},"loc":{"start":{"line":5,"column":0},"end":{"line":25,"column":1}},"line":5}},"f":{"0":7}}
,"/Users/repin/Documents/Inbox/proxiero/utils/split.ts": {"path":"/Users/repin/Documents/Inbox/proxiero/utils/split.ts","all":false,"statementMap":{"2":{"start":{"line":3,"column":0},"end":{"line":3,"column":56}},"3":{"start":{"line":4,"column":0},"end":{"line":4,"column":37}},"4":{"start":{"line":5,"column":0},"end":{"line":5,"column":20}},"5":{"start":{"line":6,"column":0},"end":{"line":6,"column":60}},"6":{"start":{"line":7,"column":0},"end":{"line":7,"column":69}},"7":{"start":{"line":8,"column":0},"end":{"line":8,"column":44}},"8":{"start":{"line":9,"column":0},"end":{"line":9,"column":31}},"9":{"start":{"line":10,"column":0},"end":{"line":10,"column":62}},"10":{"start":{"line":11,"column":0},"end":{"line":11,"column":11}},"11":{"start":{"line":12,"column":0},"end":{"line":12,"column":1}},"13":{"start":{"line":14,"column":0},"end":{"line":14,"column":74}},"14":{"start":{"line":15,"column":0},"end":{"line":15,"column":31}},"15":{"start":{"line":16,"column":0},"end":{"line":16,"column":33}},"16":{"start":{"line":17,"column":0},"end":{"line":17,"column":40}},"17":{"start":{"line":18,"column":0},"end":{"line":18,"column":1}},"19":{"start":{"line":20,"column":0},"end":{"line":20,"column":92}},"20":{"start":{"line":21,"column":0},"end":{"line":21,"column":40}},"21":{"start":{"line":22,"column":0},"end":{"line":22,"column":66}},"22":{"start":{"line":23,"column":0},"end":{"line":23,"column":51}},"23":{"start":{"line":24,"column":0},"end":{"line":24,"column":1}},"25":{"start":{"line":26,"column":0},"end":{"line":26,"column":58}},"26":{"start":{"line":27,"column":0},"end":{"line":27,"column":16}},"27":{"start":{"line":28,"column":0},"end":{"line":28,"column":17}},"28":{"start":{"line":29,"column":0},"end":{"line":29,"column":18}},"29":{"start":{"line":30,"column":0},"end":{"line":30,"column":19}},"30":{"start":{"line":31,"column":0},"end":{"line":31,"column":2}},"32":{"start":{"line":33,"column":0},"end":{"line":33,"column":91}},"33":{"start":{"line":34,"column":0},"end":{"line":34,"column":62}},"34":{"start":{"line":35,"column":0},"end":{"line":35,"column":67}},"35":{"start":{"line":36,"column":0},"end":{"line":36,"column":43}},"36":{"start":{"line":37,"column":0},"end":{"line":37,"column":47}},"43":{"start":{"line":44,"column":0},"end":{"line":44,"column":24}},"51":{"start":{"line":52,"column":0},"end":{"line":52,"column":56}},"52":{"start":{"line":53,"column":0},"end":{"line":53,"column":41}},"54":{"start":{"line":55,"column":0},"end":{"line":55,"column":1}}},"s":{"2":1,"3":12,"4":12,"5":11,"6":11,"7":12,"8":12,"9":12,"10":12,"11":12,"13":1,"14":12,"15":12,"16":12,"17":12,"19":1,"20":8,"21":6,"22":8,"23":8,"25":1,"26":1,"27":1,"28":1,"29":1,"30":1,"32":1,"33":10,"34":10,"35":10,"36":10,"43":10,"51":10,"52":10,"54":10},"branchMap":{"0":{"type":"branch","line":3,"loc":{"start":{"line":3,"column":7},"end":{"line":12,"column":1}},"locations":[{"start":{"line":3,"column":7},"end":{"line":12,"column":1}}]},"1":{"type":"branch","line":5,"loc":{"start":{"line":5,"column":10},"end":{"line":5,"column":20}},"locations":[{"start":{"line":5,"column":10},"end":{"line":5,"column":20}}]},"2":{"type":"branch","line":5,"loc":{"start":{"line":5,"column":17},"end":{"line":8,"column":28}},"locations":[{"start":{"line":5,"column":17},"end":{"line":8,"column":28}}]},"3":{"type":"branch","line":8,"loc":{"start":{"line":8,"column":23},"end":{"line":8,"column":44}},"locations":[{"start":{"line":8,"column":23},"end":{"line":8,"column":44}}]},"4":{"type":"branch","line":14,"loc":{"start":{"line":14,"column":7},"end":{"line":18,"column":1}},"locations":[{"start":{"line":14,"column":7},"end":{"line":18,"column":1}}]},"5":{"type":"branch","line":17,"loc":{"start":{"line":17,"column":15},"end":{"line":17,"column":40}},"locations":[{"start":{"line":17,"column":15},"end":{"line":17,"column":40}}]},"6":{"type":"branch","line":20,"loc":{"start":{"line":20,"column":7},"end":{"line":24,"column":1}},"locations":[{"start":{"line":20,"column":7},"end":{"line":24,"column":1}}]},"7":{"type":"branch","line":21,"loc":{"start":{"line":21,"column":28},"end":{"line":21,"column":40}},"locations":[{"start":{"line":21,"column":28},"end":{"line":21,"column":40}}]},"8":{"type":"branch","line":21,"loc":{"start":{"line":21,"column":35},"end":{"line":23,"column":32}},"locations":[{"start":{"line":21,"column":35},"end":{"line":23,"column":32}}]},"9":{"type":"branch","line":23,"loc":{"start":{"line":23,"column":18},"end":{"line":23,"column":42}},"locations":[{"start":{"line":23,"column":18},"end":{"line":23,"column":42}}]},"10":{"type":"branch","line":23,"loc":{"start":{"line":23,"column":32},"end":{"line":23,"column":51}},"locations":[{"start":{"line":23,"column":32},"end":{"line":23,"column":51}}]},"11":{"type":"branch","line":22,"loc":{"start":{"line":22,"column":31},"end":{"line":22,"column":64}},"locations":[{"start":{"line":22,"column":31},"end":{"line":22,"column":64}}]},"12":{"type":"branch","line":33,"loc":{"start":{"line":33,"column":7},"end":{"line":55,"column":1}},"locations":[{"start":{"line":33,"column":7},"end":{"line":55,"column":1}}]},"13":{"type":"branch","line":52,"loc":{"start":{"line":52,"column":18},"end":{"line":52,"column":44}},"locations":[{"start":{"line":52,"column":18},"end":{"line":52,"column":44}}]},"14":{"type":"branch","line":52,"loc":{"start":{"line":52,"column":32},"end":{"line":52,"column":54}},"locations":[{"start":{"line":52,"column":32},"end":{"line":52,"column":54}}]},"15":{"type":"branch","line":35,"loc":{"start":{"line":35,"column":42},"end":{"line":35,"column":64}},"locations":[{"start":{"line":35,"column":42},"end":{"line":35,"column":64}}]}},"b":{"0":[12],"1":[1],"2":[11],"3":[0],"4":[12],"5":[10],"6":[8],"7":[2],"8":[6],"9":[4],"10":[2],"11":[6],"12":[10],"13":[6],"14":[4],"15":[10]},"fnMap":{"0":{"name":"normalizeDomain","decl":{"start":{"line":3,"column":7},"end":{"line":12,"column":1}},"loc":{"start":{"line":3,"column":7},"end":{"line":12,"column":1}},"line":3},"1":{"name":"hostMatchesDomain","decl":{"start":{"line":14,"column":7},"end":{"line":18,"column":1}},"loc":{"start":{"line":14,"column":7},"end":{"line":18,"column":1}},"line":14},"2":{"name":"shouldProxyHost","decl":{"start":{"line":20,"column":7},"end":{"line":24,"column":1}},"loc":{"start":{"line":20,"column":7},"end":{"line":24,"column":1}},"line":20},"3":{"name":"buildPacScript","decl":{"start":{"line":33,"column":7},"end":{"line":55,"column":1}},"loc":{"start":{"line":33,"column":7},"end":{"line":55,"column":1}},"line":33}},"f":{"0":12,"1":12,"2":8,"3":10}}
,"/Users/repin/Documents/Inbox/proxiero/utils/storage.ts": {"path":"/Users/repin/Documents/Inbox/proxiero/utils/storage.ts","all":false,"statementMap":{"2":{"start":{"line":3,"column":0},"end":{"line":3,"column":40}},"3":{"start":{"line":4,"column":0},"end":{"line":4,"column":14}},"4":{"start":{"line":5,"column":0},"end":{"line":5,"column":17}},"5":{"start":{"line":6,"column":0},"end":{"line":6,"column":17}},"6":{"start":{"line":7,"column":0},"end":{"line":7,"column":22}},"7":{"start":{"line":8,"column":0},"end":{"line":8,"column":25}},"9":{"start":{"line":10,"column":0},"end":{"line":10,"column":2}},"11":{"start":{"line":12,"column":0},"end":{"line":12,"column":54}},"12":{"start":{"line":13,"column":0},"end":{"line":13,"column":71}},"13":{"start":{"line":14,"column":0},"end":{"line":14,"column":39}},"14":{"start":{"line":15,"column":0},"end":{"line":15,"column":1}},"16":{"start":{"line":17,"column":0},"end":{"line":17,"column":74}},"17":{"start":{"line":18,"column":0},"end":{"line":18,"column":41}},"18":{"start":{"line":19,"column":0},"end":{"line":19,"column":1}},"31":{"start":{"line":32,"column":0},"end":{"line":32,"column":62}},"32":{"start":{"line":33,"column":0},"end":{"line":33,"column":61}},"33":{"start":{"line":34,"column":0},"end":{"line":34,"column":38}},"34":{"start":{"line":35,"column":0},"end":{"line":35,"column":1}},"36":{"start":{"line":37,"column":0},"end":{"line":37,"column":51}},"37":{"start":{"line":38,"column":0},"end":{"line":38,"column":44}},"38":{"start":{"line":39,"column":0},"end":{"line":39,"column":1}},"40":{"start":{"line":41,"column":0},"end":{"line":41,"column":36}},"41":{"start":{"line":42,"column":0},"end":{"line":42,"column":45}},"42":{"start":{"line":43,"column":0},"end":{"line":43,"column":1}}},"s":{"2":1,"3":1,"4":1,"5":1,"6":1,"7":1,"9":1,"11":53,"12":53,"13":53,"14":53,"16":13,"17":13,"18":13,"31":9,"32":9,"33":9,"34":9,"36":1,"37":7,"38":7,"40":1,"41":17,"42":17},"branchMap":{"0":{"type":"branch","line":12,"loc":{"start":{"line":12,"column":0},"end":{"line":15,"column":1}},"locations":[{"start":{"line":12,"column":0},"end":{"line":15,"column":1}}]},"1":{"type":"branch","line":17,"loc":{"start":{"line":17,"column":0},"end":{"line":19,"column":1}},"locations":[{"start":{"line":17,"column":0},"end":{"line":19,"column":1}}]},"2":{"type":"branch","line":32,"loc":{"start":{"line":32,"column":0},"end":{"line":35,"column":1}},"locations":[{"start":{"line":32,"column":0},"end":{"line":35,"column":1}}]},"3":{"type":"branch","line":34,"loc":{"start":{"line":34,"column":2},"end":{"line":34,"column":38}},"locations":[{"start":{"line":34,"column":2},"end":{"line":34,"column":38}}]},"4":{"type":"branch","line":37,"loc":{"start":{"line":37,"column":7},"end":{"line":39,"column":1}},"locations":[{"start":{"line":37,"column":7},"end":{"line":39,"column":1}}]},"5":{"type":"branch","line":41,"loc":{"start":{"line":41,"column":7},"end":{"line":43,"column":1}},"locations":[{"start":{"line":41,"column":7},"end":{"line":43,"column":1}}]}},"b":{"0":[53],"1":[13],"2":[9],"3":[5],"4":[7],"5":[17]},"fnMap":{"0":{"name":"loadState","decl":{"start":{"line":12,"column":0},"end":{"line":15,"column":1}},"loc":{"start":{"line":12,"column":0},"end":{"line":15,"column":1}},"line":12},"1":{"name":"saveState","decl":{"start":{"line":17,"column":0},"end":{"line":19,"column":1}},"loc":{"start":{"line":17,"column":0},"end":{"line":19,"column":1}},"line":17},"2":{"name":"loadDraft","decl":{"start":{"line":32,"column":0},"end":{"line":35,"column":1}},"loc":{"start":{"line":32,"column":0},"end":{"line":35,"column":1}},"line":32},"3":{"name":"saveDraft","decl":{"start":{"line":37,"column":7},"end":{"line":39,"column":1}},"loc":{"start":{"line":37,"column":7},"end":{"line":39,"column":1}},"line":37},"4":{"name":"clearDraft","decl":{"start":{"line":41,"column":7},"end":{"line":43,"column":1}},"loc":{"start":{"line":41,"column":7},"end":{"line":43,"column":1}},"line":41}},"f":{"0":53,"1":13,"2":9,"3":7,"4":17}}
,"/Users/repin/Documents/Inbox/proxiero/utils/types.ts": {"path":"/Users/repin/Documents/Inbox/proxiero/utils/types.ts","all":false,"statementMap":{"23":{"start":{"line":24,"column":0},"end":{"line":24,"column":59}},"24":{"start":{"line":25,"column":0},"end":{"line":25,"column":15}},"25":{"start":{"line":26,"column":0},"end":{"line":26,"column":17}},"26":{"start":{"line":27,"column":0},"end":{"line":27,"column":19}},"27":{"start":{"line":28,"column":0},"end":{"line":28,"column":19}},"28":{"start":{"line":29,"column":0},"end":{"line":29,"column":2}},"30":{"start":{"line":31,"column":0},"end":{"line":31,"column":51}},"31":{"start":{"line":32,"column":0},"end":{"line":32,"column":49}},"32":{"start":{"line":33,"column":0},"end":{"line":33,"column":1}}},"s":{"23":1,"24":1,"25":1,"26":1,"27":1,"28":1,"30":1,"31":4,"32":4},"branchMap":{"0":{"type":"branch","line":31,"loc":{"start":{"line":31,"column":7},"end":{"line":33,"column":1}},"locations":[{"start":{"line":31,"column":7},"end":{"line":33,"column":1}}]},"1":{"type":"branch","line":32,"loc":{"start":{"line":32,"column":11},"end":{"line":32,"column":22}},"locations":[{"start":{"line":32,"column":11},"end":{"line":32,"column":22}}]},"2":{"type":"branch","line":32,"loc":{"start":{"line":32,"column":22},"end":{"line":32,"column":49}},"locations":[{"start":{"line":32,"column":22},"end":{"line":32,"column":49}}]}},"b":{"0":[4],"1":[3],"2":[3]},"fnMap":{"0":{"name":"proxyTitle","decl":{"start":{"line":31,"column":7},"end":{"line":33,"column":1}},"loc":{"start":{"line":31,"column":7},"end":{"line":33,"column":1}},"line":31}},"f":{"0":4}}
}
